<?xml version="1.0" encoding="UTF-8"?>
<testsuites>
    <testsuite name="coffee-machine;use-coffee-machine-to-buy-different-sorts-of-coffee" tests="7" failures="0" skipped="0">
        <properties>
            <property name="URI" value="/Users/lisa/Desktop/JavaScript-kurs/coffeeMachine/cucumber-exempel-2/coffee-machine/features/coffee-machine.feature">
            </property>
        </properties>
        <testcase name="Given that the machine is plugged in" classname="coffee-machine;use-coffee-machine-to-buy-different-sorts-of-coffee" time="0.00084308">
        </testcase>
        <testcase name="And that water is available" classname="coffee-machine;use-coffee-machine-to-buy-different-sorts-of-coffee" time="0.000170415">
        </testcase>
        <testcase name="And that the machine has lactosfree milk" classname="coffee-machine;use-coffee-machine-to-buy-different-sorts-of-coffee" time="0.000278062">
        </testcase>
        <testcase name="Given has enough coffeebeans to grind" classname="coffee-machine;use-coffee-machine-to-buy-different-sorts-of-coffee" time="0.000175601">
        </testcase>
        <testcase name="When the user chooses from the menu" classname="coffee-machine;use-coffee-machine-to-buy-different-sorts-of-coffee" time="0.000176375">
        </testcase>
        <testcase name="And the user pays the 20 kr" classname="coffee-machine;use-coffee-machine-to-buy-different-sorts-of-coffee" time="0.000192069">
        </testcase>
        <testcase name="Then the machine will prepare coffee" classname="coffee-machine;use-coffee-machine-to-buy-different-sorts-of-coffee" time="0.000127929">
        </testcase>
    </testsuite>
    <testsuite name="coffee-machine;use-coffee-machine-to-buy-different-sorts-of-coffee" tests="7" failures="0" skipped="0">
        <properties>
            <property name="URI" value="/Users/lisa/Desktop/JavaScript-kurs/coffeeMachine/cucumber-exempel-2/coffee-machine/features/coffee-machine.feature">
            </property>
        </properties>
        <testcase name="Given that the machine is plugged in" classname="coffee-machine;use-coffee-machine-to-buy-different-sorts-of-coffee" time="0.000126195">
        </testcase>
        <testcase name="And that water is available" classname="coffee-machine;use-coffee-machine-to-buy-different-sorts-of-coffee" time="0.000063824">
        </testcase>
        <testcase name="And that the machine has lactosfree milk" classname="coffee-machine;use-coffee-machine-to-buy-different-sorts-of-coffee" time="0.00006576">
        </testcase>
        <testcase name="Given has enough coffeebeans to grind" classname="coffee-machine;use-coffee-machine-to-buy-different-sorts-of-coffee" time="0.000075158">
        </testcase>
        <testcase name="When the user chooses from the menu" classname="coffee-machine;use-coffee-machine-to-buy-different-sorts-of-coffee" time="0.00004881">
        </testcase>
        <testcase name="And the user pays the 20 kr" classname="coffee-machine;use-coffee-machine-to-buy-different-sorts-of-coffee" time="0.000075661">
        </testcase>
        <testcase name="Then the machine will prepare coffee w milk" classname="coffee-machine;use-coffee-machine-to-buy-different-sorts-of-coffee" time="0.00016652">
        </testcase>
    </testsuite>
    <testsuite name="coffee-machine;use-coffee-machine-to-buy-different-sorts-of-coffee" tests="7" failures="0" skipped="0">
        <properties>
            <property name="URI" value="/Users/lisa/Desktop/JavaScript-kurs/coffeeMachine/cucumber-exempel-2/coffee-machine/features/coffee-machine.feature">
            </property>
        </properties>
        <testcase name="Given that the machine is plugged in" classname="coffee-machine;use-coffee-machine-to-buy-different-sorts-of-coffee" time="0.000143917">
        </testcase>
        <testcase name="And that water is available" classname="coffee-machine;use-coffee-machine-to-buy-different-sorts-of-coffee" time="0.00005899">
        </testcase>
        <testcase name="And that the machine has lactosfree milk" classname="coffee-machine;use-coffee-machine-to-buy-different-sorts-of-coffee" time="0.000056875">
        </testcase>
        <testcase name="Given has enough espressobeans to grind" classname="coffee-machine;use-coffee-machine-to-buy-different-sorts-of-coffee" time="0.000132685">
        </testcase>
        <testcase name="When the user chooses from the menu" classname="coffee-machine;use-coffee-machine-to-buy-different-sorts-of-coffee" time="0.000033651">
        </testcase>
        <testcase name="And the user pays the 25 kr" classname="coffee-machine;use-coffee-machine-to-buy-different-sorts-of-coffee" time="0.000063846">
        </testcase>
        <testcase name="Then the machine will prepare cappucino" classname="coffee-machine;use-coffee-machine-to-buy-different-sorts-of-coffee" time="0.000159402">
        </testcase>
    </testsuite>
    <testsuite name="coffee-machine;use-coffee-machine-to-buy-different-sorts-of-coffee" tests="7" failures="0" skipped="0">
        <properties>
            <property name="URI" value="/Users/lisa/Desktop/JavaScript-kurs/coffeeMachine/cucumber-exempel-2/coffee-machine/features/coffee-machine.feature">
            </property>
        </properties>
        <testcase name="Given that the machine is plugged in" classname="coffee-machine;use-coffee-machine-to-buy-different-sorts-of-coffee" time="0.000096149">
        </testcase>
        <testcase name="And that water is available" classname="coffee-machine;use-coffee-machine-to-buy-different-sorts-of-coffee" time="0.00007833">
        </testcase>
        <testcase name="And that the machine has lactosfree milk" classname="coffee-machine;use-coffee-machine-to-buy-different-sorts-of-coffee" time="0.000062217">
        </testcase>
        <testcase name="Given has enough espressobeans to grind" classname="coffee-machine;use-coffee-machine-to-buy-different-sorts-of-coffee" time="0.000047772">
        </testcase>
        <testcase name="When the user chooses from the menu" classname="coffee-machine;use-coffee-machine-to-buy-different-sorts-of-coffee" time="0.00004866">
        </testcase>
        <testcase name="And the user pays the 20 kr" classname="coffee-machine;use-coffee-machine-to-buy-different-sorts-of-coffee" time="0.000061662">
        </testcase>
        <testcase name="Then the machine will prepare espresso" classname="coffee-machine;use-coffee-machine-to-buy-different-sorts-of-coffee" time="0.000160368">
        </testcase>
    </testsuite>
    <testsuite name="coffee-machine;use-coffee-machine-to-buy-different-sorts-of-coffee" tests="7" failures="0" skipped="0">
        <properties>
            <property name="URI" value="/Users/lisa/Desktop/JavaScript-kurs/coffeeMachine/cucumber-exempel-2/coffee-machine/features/coffee-machine.feature">
            </property>
        </properties>
        <testcase name="Given that the machine is plugged in" classname="coffee-machine;use-coffee-machine-to-buy-different-sorts-of-coffee" time="0.000128562">
        </testcase>
        <testcase name="And that water is available" classname="coffee-machine;use-coffee-machine-to-buy-different-sorts-of-coffee" time="0.000059191">
        </testcase>
        <testcase name="And that the machine has lactosfree milk" classname="coffee-machine;use-coffee-machine-to-buy-different-sorts-of-coffee" time="0.000050418">
        </testcase>
        <testcase name="Given has enough espressobeans to grind" classname="coffee-machine;use-coffee-machine-to-buy-different-sorts-of-coffee" time="0.000042262">
        </testcase>
        <testcase name="When the user chooses from the menu" classname="coffee-machine;use-coffee-machine-to-buy-different-sorts-of-coffee" time="0.000033201">
        </testcase>
        <testcase name="And the user pays the 25 kr" classname="coffee-machine;use-coffee-machine-to-buy-different-sorts-of-coffee" time="0.000046236">
        </testcase>
        <testcase name="Then the machine will prepare macchiato" classname="coffee-machine;use-coffee-machine-to-buy-different-sorts-of-coffee" time="0.00028373">
        </testcase>
    </testsuite>
    <testsuite name="coffee-machine;use-coffee-machine-to-buy-different-sorts-of-coffee" tests="7" failures="0" skipped="0">
        <properties>
            <property name="URI" value="/Users/lisa/Desktop/JavaScript-kurs/coffeeMachine/cucumber-exempel-2/coffee-machine/features/coffee-machine.feature">
            </property>
        </properties>
        <testcase name="Given that the machine is plugged in" classname="coffee-machine;use-coffee-machine-to-buy-different-sorts-of-coffee" time="0.000102626">
        </testcase>
        <testcase name="And that water is available" classname="coffee-machine;use-coffee-machine-to-buy-different-sorts-of-coffee" time="0.000061557">
        </testcase>
        <testcase name="And that the machine has lactosfree milk" classname="coffee-machine;use-coffee-machine-to-buy-different-sorts-of-coffee" time="0.00005428">
        </testcase>
        <testcase name="Given has enough espressobeans to grind" classname="coffee-machine;use-coffee-machine-to-buy-different-sorts-of-coffee" time="0.000047201">
        </testcase>
        <testcase name="When the user chooses from the menu" classname="coffee-machine;use-coffee-machine-to-buy-different-sorts-of-coffee" time="0.000034232">
        </testcase>
        <testcase name="And the user pays the 30 kr" classname="coffee-machine;use-coffee-machine-to-buy-different-sorts-of-coffee" time="0.000059322">
        </testcase>
        <testcase name="Then the machine will prepare latte" classname="coffee-machine;use-coffee-machine-to-buy-different-sorts-of-coffee" time="0.00015573">
        </testcase>
    </testsuite>
    <testsuite name="coffee-machine;use-coffee-machine-to-buy-different-sorts-of-coffee" tests="7" failures="0" skipped="0">
        <properties>
            <property name="URI" value="/Users/lisa/Desktop/JavaScript-kurs/coffeeMachine/cucumber-exempel-2/coffee-machine/features/coffee-machine.feature">
            </property>
        </properties>
        <testcase name="Given that the machine is plugged in" classname="coffee-machine;use-coffee-machine-to-buy-different-sorts-of-coffee" time="0.000122516">
        </testcase>
        <testcase name="And that water is available" classname="coffee-machine;use-coffee-machine-to-buy-different-sorts-of-coffee" time="0.000054324">
        </testcase>
        <testcase name="And that the machine has lactosfree milk" classname="coffee-machine;use-coffee-machine-to-buy-different-sorts-of-coffee" time="0.000051377">
        </testcase>
        <testcase name="Given has enough espressobeans to grind" classname="coffee-machine;use-coffee-machine-to-buy-different-sorts-of-coffee" time="0.000048398">
        </testcase>
        <testcase name="When the user chooses from the menu" classname="coffee-machine;use-coffee-machine-to-buy-different-sorts-of-coffee" time="0.000036352">
        </testcase>
        <testcase name="And the user pays the 30 kr" classname="coffee-machine;use-coffee-machine-to-buy-different-sorts-of-coffee" time="0.000065781">
        </testcase>
        <testcase name="Then the machine will prepare cortado" classname="coffee-machine;use-coffee-machine-to-buy-different-sorts-of-coffee" time="0.000198806">
        </testcase>
    </testsuite>
    <testsuite name="coffee-machine;buying-a-cappucino" tests="7" failures="0" skipped="0">
        <properties>
            <property name="URI" value="/Users/lisa/Desktop/JavaScript-kurs/coffeeMachine/cucumber-exempel-2/coffee-machine/features/coffee-machine.feature">
            </property>
        </properties>
        <testcase name="Given that the machine is plugged in" classname="coffee-machine;buying-a-cappucino" time="0.000104187">
        </testcase>
        <testcase name="And that water is available" classname="coffee-machine;buying-a-cappucino" time="0.000049577">
        </testcase>
        <testcase name="And that the machine has lactosfree milk" classname="coffee-machine;buying-a-cappucino" time="0.000052747">
        </testcase>
        <testcase name="Given that the milk is cold enough" classname="coffee-machine;buying-a-cappucino" time="0.000225554">
        </testcase>
        <testcase name="When the user chooses a cappucino" classname="coffee-machine;buying-a-cappucino" time="0.00010214">
        </testcase>
        <testcase name="And pays the 25 kr" classname="coffee-machine;buying-a-cappucino" time="0.00011457">
        </testcase>
        <testcase name="Then the machine will prepare, and serve, a delicious cappucino" classname="coffee-machine;buying-a-cappucino" time="0.000088158">
        </testcase>
    </testsuite>
    <testsuite name="coffee-machine;paying-for-coffee-when-user-forgot-his/hers-wallet" tests="7" failures="0" skipped="0">
        <properties>
            <property name="URI" value="/Users/lisa/Desktop/JavaScript-kurs/coffeeMachine/cucumber-exempel-2/coffee-machine/features/coffee-machine.feature">
            </property>
        </properties>
        <testcase name="Given that the machine is plugged in" classname="coffee-machine;paying-for-coffee-when-user-forgot-his/hers-wallet" time="0.000117072">
        </testcase>
        <testcase name="And that water is available" classname="coffee-machine;paying-for-coffee-when-user-forgot-his/hers-wallet" time="0.00004822">
        </testcase>
        <testcase name="And that the machine has lactosfree milk" classname="coffee-machine;paying-for-coffee-when-user-forgot-his/hers-wallet" time="0.000049622">
        </testcase>
        <testcase name="Given that the user wants to buy coffee" classname="coffee-machine;paying-for-coffee-when-user-forgot-his/hers-wallet" time="0.000222352">
        </testcase>
        <testcase name="When the user chooses coffee" classname="coffee-machine;paying-for-coffee-when-user-forgot-his/hers-wallet" time="0.000102137">
        </testcase>
        <testcase name="And the user pays using swish" classname="coffee-machine;paying-for-coffee-when-user-forgot-his/hers-wallet" time="0.000135877">
        </testcase>
        <testcase name="Then the machine prepares coffee" classname="coffee-machine;paying-for-coffee-when-user-forgot-his/hers-wallet" time="0.000090823">
        </testcase>
    </testsuite>
    <testsuite name="coffee-machine;paying-for-coffee-when-user-forgot-his/hers-wallet" tests="7" failures="0" skipped="0">
        <properties>
            <property name="URI" value="/Users/lisa/Desktop/JavaScript-kurs/coffeeMachine/cucumber-exempel-2/coffee-machine/features/coffee-machine.feature">
            </property>
        </properties>
        <testcase name="Given that the machine is plugged in" classname="coffee-machine;paying-for-coffee-when-user-forgot-his/hers-wallet" time="0.000094236">
        </testcase>
        <testcase name="And that water is available" classname="coffee-machine;paying-for-coffee-when-user-forgot-his/hers-wallet" time="0.000050469">
        </testcase>
        <testcase name="And that the machine has lactosfree milk" classname="coffee-machine;paying-for-coffee-when-user-forgot-his/hers-wallet" time="0.000049574">
        </testcase>
        <testcase name="Given that the user wants to buy coffee" classname="coffee-machine;paying-for-coffee-when-user-forgot-his/hers-wallet" time="0.000050638">
        </testcase>
        <testcase name="When the user chooses coffee" classname="coffee-machine;paying-for-coffee-when-user-forgot-his/hers-wallet" time="0.000046309">
        </testcase>
        <testcase name="And the user pays using card" classname="coffee-machine;paying-for-coffee-when-user-forgot-his/hers-wallet" time="0.000158892">
        </testcase>
        <testcase name="Then the machine prepares coffee" classname="coffee-machine;paying-for-coffee-when-user-forgot-his/hers-wallet" time="0.000065566">
        </testcase>
    </testsuite>
    <testsuite name="coffee-machine;the-coffee-machine-is-cleaning-itself-between-uses" tests="8" failures="0" skipped="0">
        <properties>
            <property name="URI" value="/Users/lisa/Desktop/JavaScript-kurs/coffeeMachine/cucumber-exempel-2/coffee-machine/features/coffee-machine.feature">
            </property>
        </properties>
        <testcase name="Given that the machine is plugged in" classname="coffee-machine;the-coffee-machine-is-cleaning-itself-between-uses" time="0.000097363">
        </testcase>
        <testcase name="And that water is available" classname="coffee-machine;the-coffee-machine-is-cleaning-itself-between-uses" time="0.000050868">
        </testcase>
        <testcase name="And that the machine has lactosfree milk" classname="coffee-machine;the-coffee-machine-is-cleaning-itself-between-uses" time="0.00004934">
        </testcase>
        <testcase name="Given that nobody buys coffee" classname="coffee-machine;the-coffee-machine-is-cleaning-itself-between-uses" time="0.000164072">
        </testcase>
        <testcase name="And that it has been 30 min since last cleaning" classname="coffee-machine;the-coffee-machine-is-cleaning-itself-between-uses" time="0.000129094">
        </testcase>
        <testcase name="Then it will use steaming hot water" classname="coffee-machine;the-coffee-machine-is-cleaning-itself-between-uses" time="0.000199841">
        </testcase>
        <testcase name="And the machine will clean itself" classname="coffee-machine;the-coffee-machine-is-cleaning-itself-between-uses" time="0.000116015">
        </testcase>
        <testcase name="And it will take 1 minute" classname="coffee-machine;the-coffee-machine-is-cleaning-itself-between-uses" time="0.000134975">
        </testcase>
    </testsuite>
    <testsuite name="coffee-machine;user-wants-to-buy-coffee-but-there-is-no-water-connected-to-machine" tests="6" failures="0" skipped="2">
        <properties>
            <property name="URI" value="/Users/lisa/Desktop/JavaScript-kurs/coffeeMachine/cucumber-exempel-2/coffee-machine/features/coffee-machine.feature">
            </property>
        </properties>
        <testcase name="Given that the machine is plugged in" classname="coffee-machine;user-wants-to-buy-coffee-but-there-is-no-water-connected-to-machine" time="0.000073854">
        </testcase>
        <testcase name="And that water is available" classname="coffee-machine;user-wants-to-buy-coffee-but-there-is-no-water-connected-to-machine" time="0.000040706">
        </testcase>
        <testcase name="And that the machine has lactosfree milk" classname="coffee-machine;user-wants-to-buy-coffee-but-there-is-no-water-connected-to-machine" time="0.00004718">
        </testcase>
        <testcase name="Given that the user wants to buy coffee" classname="coffee-machine;user-wants-to-buy-coffee-but-there-is-no-water-connected-to-machine" time="0.000045045">
        </testcase>
        <testcase name="When the user sees that the machine isn&apos;t connected to water" classname="coffee-machine;user-wants-to-buy-coffee-but-there-is-no-water-connected-to-machine">
            <skipped message="">
            </skipped>
        </testcase>
        <testcase name="Then the user goes to buy coffee somewhere else" classname="coffee-machine;user-wants-to-buy-coffee-but-there-is-no-water-connected-to-machine">
            <skipped message="">
            </skipped>
        </testcase>
    </testsuite>
    <testsuite name="coffee-machine;user-wants-to-buy-tea-water" tests="7" failures="0" skipped="3">
        <properties>
            <property name="URI" value="/Users/lisa/Desktop/JavaScript-kurs/coffeeMachine/cucumber-exempel-2/coffee-machine/features/coffee-machine.feature">
            </property>
        </properties>
        <testcase name="Given that the machine is plugged in" classname="coffee-machine;user-wants-to-buy-tea-water" time="0.000085595">
        </testcase>
        <testcase name="And that water is available" classname="coffee-machine;user-wants-to-buy-tea-water" time="0.000044382">
        </testcase>
        <testcase name="And that the machine has lactosfree milk" classname="coffee-machine;user-wants-to-buy-tea-water" time="0.000050885">
        </testcase>
        <testcase name="Given that the machine is plugged in" classname="coffee-machine;user-wants-to-buy-tea-water" time="0.000052836">
        </testcase>
        <testcase name="And that the machine is connected to water" classname="coffee-machine;user-wants-to-buy-tea-water">
            <skipped message="">
            </skipped>
        </testcase>
        <testcase name="When the user chooses tea" classname="coffee-machine;user-wants-to-buy-tea-water">
            <skipped message="">
            </skipped>
        </testcase>
        <testcase name="Then the machine serves hot water" classname="coffee-machine;user-wants-to-buy-tea-water">
            <skipped message="">
            </skipped>
        </testcase>
    </testsuite>
    <testsuite name="coffee-machine;user-buys-coffee-and-changes-his/her-mind-in-the-middle-of-brewing" tests="7" failures="0" skipped="4">
        <properties>
            <property name="URI" value="/Users/lisa/Desktop/JavaScript-kurs/coffeeMachine/cucumber-exempel-2/coffee-machine/features/coffee-machine.feature">
            </property>
        </properties>
        <testcase name="Given that the machine is plugged in" classname="coffee-machine;user-buys-coffee-and-changes-his/her-mind-in-the-middle-of-brewing" time="0.00009709">
        </testcase>
        <testcase name="And that water is available" classname="coffee-machine;user-buys-coffee-and-changes-his/her-mind-in-the-middle-of-brewing" time="0.000053193">
        </testcase>
        <testcase name="And that the machine has lactosfree milk" classname="coffee-machine;user-buys-coffee-and-changes-his/her-mind-in-the-middle-of-brewing" time="0.000051385">
        </testcase>
        <testcase name="Given the user paid and chose coffee" classname="coffee-machine;user-buys-coffee-and-changes-his/her-mind-in-the-middle-of-brewing">
            <skipped message="">
            </skipped>
        </testcase>
        <testcase name="When the user presses the cancel-button" classname="coffee-machine;user-buys-coffee-and-changes-his/her-mind-in-the-middle-of-brewing">
            <skipped message="">
            </skipped>
        </testcase>
        <testcase name="Then the machine immediately stops the brewing" classname="coffee-machine;user-buys-coffee-and-changes-his/her-mind-in-the-middle-of-brewing">
            <skipped message="">
            </skipped>
        </testcase>
        <testcase name="And user then have to pay for new coffee" classname="coffee-machine;user-buys-coffee-and-changes-his/her-mind-in-the-middle-of-brewing">
            <skipped message="">
            </skipped>
        </testcase>
    </testsuite>
    <testsuite name="coffee-machine;user-puts-his/her-hand-down-the-coffee-bean-grinder" tests="7" failures="0" skipped="4">
        <properties>
            <property name="URI" value="/Users/lisa/Desktop/JavaScript-kurs/coffeeMachine/cucumber-exempel-2/coffee-machine/features/coffee-machine.feature">
            </property>
        </properties>
        <testcase name="Given that the machine is plugged in" classname="coffee-machine;user-puts-his/her-hand-down-the-coffee-bean-grinder" time="0.000096688">
        </testcase>
        <testcase name="And that water is available" classname="coffee-machine;user-puts-his/her-hand-down-the-coffee-bean-grinder" time="0.000052343">
        </testcase>
        <testcase name="And that the machine has lactosfree milk" classname="coffee-machine;user-puts-his/her-hand-down-the-coffee-bean-grinder" time="0.000051189">
        </testcase>
        <testcase name="Given that user doesn&apos;t have all goats in the pen" classname="coffee-machine;user-puts-his/her-hand-down-the-coffee-bean-grinder">
            <skipped message="">
            </skipped>
        </testcase>
        <testcase name="When user puts hand in coffee grinder" classname="coffee-machine;user-puts-his/her-hand-down-the-coffee-bean-grinder">
            <skipped message="">
            </skipped>
        </testcase>
        <testcase name="Then users hand grinds up" classname="coffee-machine;user-puts-his/her-hand-down-the-coffee-bean-grinder">
            <skipped message="">
            </skipped>
        </testcase>
        <testcase name="And the machine stop because of malfunction" classname="coffee-machine;user-puts-his/her-hand-down-the-coffee-bean-grinder">
            <skipped message="">
            </skipped>
        </testcase>
    </testsuite>
    <testsuite name="coffee-machine;there-is-an-electricity-shortage" tests="8" failures="0" skipped="5">
        <properties>
            <property name="URI" value="/Users/lisa/Desktop/JavaScript-kurs/coffeeMachine/cucumber-exempel-2/coffee-machine/features/coffee-machine.feature">
            </property>
        </properties>
        <testcase name="Given that the machine is plugged in" classname="coffee-machine;there-is-an-electricity-shortage" time="0.000083316">
        </testcase>
        <testcase name="And that water is available" classname="coffee-machine;there-is-an-electricity-shortage" time="0.000048156">
        </testcase>
        <testcase name="And that the machine has lactosfree milk" classname="coffee-machine;there-is-an-electricity-shortage" time="0.000047752">
        </testcase>
        <testcase name="Given that user wants to buy cappucino with card" classname="coffee-machine;there-is-an-electricity-shortage">
            <skipped message="">
            </skipped>
        </testcase>
        <testcase name="When there is a electricity shortage" classname="coffee-machine;there-is-an-electricity-shortage">
            <skipped message="">
            </skipped>
        </testcase>
        <testcase name="And the coffee-machine goes offline for some time" classname="coffee-machine;there-is-an-electricity-shortage">
            <skipped message="">
            </skipped>
        </testcase>
        <testcase name="Then the machine won&apos;t produce cappucino because of risk of bacteria in warm milk" classname="coffee-machine;there-is-an-electricity-shortage">
            <skipped message="">
            </skipped>
        </testcase>
        <testcase name="And the card-reader will send a pre-programmed message to who-evers responsible for the card-reader" classname="coffee-machine;there-is-an-electricity-shortage">
            <skipped message="">
            </skipped>
        </testcase>
    </testsuite>
    <testsuite name="coffee-machine;user-wants-to-buy-regular-coffee-but-there-is-not-enough-beans" tests="8" failures="0" skipped="5">
        <properties>
            <property name="URI" value="/Users/lisa/Desktop/JavaScript-kurs/coffeeMachine/cucumber-exempel-2/coffee-machine/features/coffee-machine.feature">
            </property>
        </properties>
        <testcase name="Given that the machine is plugged in" classname="coffee-machine;user-wants-to-buy-regular-coffee-but-there-is-not-enough-beans" time="0.000090874">
        </testcase>
        <testcase name="And that water is available" classname="coffee-machine;user-wants-to-buy-regular-coffee-but-there-is-not-enough-beans" time="0.00005222">
        </testcase>
        <testcase name="And that the machine has lactosfree milk" classname="coffee-machine;user-wants-to-buy-regular-coffee-but-there-is-not-enough-beans" time="0.000066183">
        </testcase>
        <testcase name="Given that the user wants coffee" classname="coffee-machine;user-wants-to-buy-regular-coffee-but-there-is-not-enough-beans">
            <skipped message="">
            </skipped>
        </testcase>
        <testcase name="And that there is less than 14 grams coffeebeans left in coffeebean-container" classname="coffee-machine;user-wants-to-buy-regular-coffee-but-there-is-not-enough-beans">
            <skipped message="">
            </skipped>
        </testcase>
        <testcase name="When the user sees the coffee-menu on screen" classname="coffee-machine;user-wants-to-buy-regular-coffee-but-there-is-not-enough-beans">
            <skipped message="">
            </skipped>
        </testcase>
        <testcase name="Then the machine shows the alternatives that uses regular coffeebeans as shadowed" classname="coffee-machine;user-wants-to-buy-regular-coffee-but-there-is-not-enough-beans">
            <skipped message="">
            </skipped>
        </testcase>
        <testcase name="And un-choosable" classname="coffee-machine;user-wants-to-buy-regular-coffee-but-there-is-not-enough-beans">
            <skipped message="">
            </skipped>
        </testcase>
    </testsuite>
    <testsuite name="coffee-machine;user-wants-to-buy-a-drink-which-contains-milk,-but-there-is-not-enough-milk-left" tests="8" failures="0" skipped="5">
        <properties>
            <property name="URI" value="/Users/lisa/Desktop/JavaScript-kurs/coffeeMachine/cucumber-exempel-2/coffee-machine/features/coffee-machine.feature">
            </property>
        </properties>
        <testcase name="Given that the machine is plugged in" classname="coffee-machine;user-wants-to-buy-a-drink-which-contains-milk,-but-there-is-not-enough-milk-left" time="0.000092219">
        </testcase>
        <testcase name="And that water is available" classname="coffee-machine;user-wants-to-buy-a-drink-which-contains-milk,-but-there-is-not-enough-milk-left" time="0.000050708">
        </testcase>
        <testcase name="And that the machine has lactosfree milk" classname="coffee-machine;user-wants-to-buy-a-drink-which-contains-milk,-but-there-is-not-enough-milk-left" time="0.000049303">
        </testcase>
        <testcase name="Given that user want drink with milk" classname="coffee-machine;user-wants-to-buy-a-drink-which-contains-milk,-but-there-is-not-enough-milk-left">
            <skipped message="">
            </skipped>
        </testcase>
        <testcase name="And that there is to little milk left" classname="coffee-machine;user-wants-to-buy-a-drink-which-contains-milk,-but-there-is-not-enough-milk-left">
            <skipped message="">
            </skipped>
        </testcase>
        <testcase name="When the user sees the coffee-menu on screen" classname="coffee-machine;user-wants-to-buy-a-drink-which-contains-milk,-but-there-is-not-enough-milk-left">
            <skipped message="">
            </skipped>
        </testcase>
        <testcase name="Then the machine shows the alternatives containing milk as shadowed" classname="coffee-machine;user-wants-to-buy-a-drink-which-contains-milk,-but-there-is-not-enough-milk-left">
            <skipped message="">
            </skipped>
        </testcase>
        <testcase name="And un-choosable" classname="coffee-machine;user-wants-to-buy-a-drink-which-contains-milk,-but-there-is-not-enough-milk-left">
            <skipped message="">
            </skipped>
        </testcase>
    </testsuite>
</testsuites>