<?xml version="1.0" encoding="UTF-8"?>
<testsuites>
    <testsuite name=";" tests="7" failures="0" skipped="5">
        <properties>
            <property name="URI" value="/Users/lisa/Desktop/JavaScript-kurs/coffeeMachine/cucumber-exempel-2/features/coffee-machine.feature">
            </property>
        </properties>
        <testcase name="Given that the machine is plugged in" classname=";" time="0.000668143">
        </testcase>
        <testcase name="And that water is available" classname=";" time="0.000291761">
        </testcase>
        <testcase name="And that the machine has enough coffeebeans to grind" classname=";">
            <skipped message="">
            </skipped>
        </testcase>
        <testcase name="And has milk to add to coffee" classname=";">
            <skipped message="">
            </skipped>
        </testcase>
        <testcase name="When the machine recieves sufficient funds" classname=";">
            <skipped message="">
            </skipped>
        </testcase>
        <testcase name="And choses type of coffee" classname=";">
            <skipped message="">
            </skipped>
        </testcase>
        <testcase name="Then the user recieves a cup of tea." classname=";">
            <skipped message="">
            </skipped>
        </testcase>
    </testsuite>
    <testsuite name=";" tests="7" failures="0" skipped="5">
        <properties>
            <property name="URI" value="/Users/lisa/Desktop/JavaScript-kurs/coffeeMachine/cucumber-exempel-2/features/coffee-machine.feature">
            </property>
        </properties>
        <testcase name="Given that the machine is plugged in" classname=";" time="0.00012907">
        </testcase>
        <testcase name="And that water is available" classname=";" time="0.000072321">
        </testcase>
        <testcase name="And that the machine has enough coffeebeans to grind" classname=";">
            <skipped message="">
            </skipped>
        </testcase>
        <testcase name="And has milk to add to coffee" classname=";">
            <skipped message="">
            </skipped>
        </testcase>
        <testcase name="When the machine recieves sufficient funds" classname=";">
            <skipped message="">
            </skipped>
        </testcase>
        <testcase name="And choses type of coffee" classname=";">
            <skipped message="">
            </skipped>
        </testcase>
        <testcase name="Then the user recieves a cup of coffee." classname=";">
            <skipped message="">
            </skipped>
        </testcase>
    </testsuite>
    <testsuite name=";" tests="7" failures="0" skipped="5">
        <properties>
            <property name="URI" value="/Users/lisa/Desktop/JavaScript-kurs/coffeeMachine/cucumber-exempel-2/features/coffee-machine.feature">
            </property>
        </properties>
        <testcase name="Given that the machine is plugged in" classname=";" time="0.00008861">
        </testcase>
        <testcase name="And that water is available" classname=";" time="0.0000651">
        </testcase>
        <testcase name="And that the machine has enough coffeebeans to grind" classname=";">
            <skipped message="">
            </skipped>
        </testcase>
        <testcase name="And has milk to add to coffee" classname=";">
            <skipped message="">
            </skipped>
        </testcase>
        <testcase name="When the machine recieves sufficient funds" classname=";">
            <skipped message="">
            </skipped>
        </testcase>
        <testcase name="And choses type of coffee" classname=";">
            <skipped message="">
            </skipped>
        </testcase>
        <testcase name="Then the user recieves a cup of coffee with milk." classname=";">
            <skipped message="">
            </skipped>
        </testcase>
    </testsuite>
</testsuites>