<?xml version="1.0" encoding="UTF-8"?>
<testsuites>
    <testsuite name="coffee-machine;use-coffee-machine-to-buy-different-sorts-of-coffee" tests="7" failures="0" skipped="0">
        <properties>
            <property name="URI" value="/Users/lisa/Desktop/JavaScript-kurs/coffeeMachine/cucumber-exempel-2/coffee-machine/features/coffee-machine.feature">
            </property>
        </properties>
        <testcase name="Given that the machine is plugged in" classname="coffee-machine;use-coffee-machine-to-buy-different-sorts-of-coffee" time="0.000806669">
        </testcase>
        <testcase name="And that water is available" classname="coffee-machine;use-coffee-machine-to-buy-different-sorts-of-coffee" time="0.000161499">
        </testcase>
        <testcase name="And that the machine has lactosfree milk" classname="coffee-machine;use-coffee-machine-to-buy-different-sorts-of-coffee" time="0.000538703">
        </testcase>
        <testcase name="Given has enough coffeebeans to grind" classname="coffee-machine;use-coffee-machine-to-buy-different-sorts-of-coffee" time="0.00017352">
        </testcase>
        <testcase name="When the user chooses from the menu" classname="coffee-machine;use-coffee-machine-to-buy-different-sorts-of-coffee" time="0.000263668">
        </testcase>
        <testcase name="And the user pays the 20 kr" classname="coffee-machine;use-coffee-machine-to-buy-different-sorts-of-coffee" time="0.000273139">
        </testcase>
        <testcase name="Then the machine will prepare coffee" classname="coffee-machine;use-coffee-machine-to-buy-different-sorts-of-coffee" time="0.000511135">
        </testcase>
    </testsuite>
    <testsuite name="coffee-machine;use-coffee-machine-to-buy-different-sorts-of-coffee" tests="7" failures="0" skipped="0">
        <properties>
            <property name="URI" value="/Users/lisa/Desktop/JavaScript-kurs/coffeeMachine/cucumber-exempel-2/coffee-machine/features/coffee-machine.feature">
            </property>
        </properties>
        <testcase name="Given that the machine is plugged in" classname="coffee-machine;use-coffee-machine-to-buy-different-sorts-of-coffee" time="0.000107985">
        </testcase>
        <testcase name="And that water is available" classname="coffee-machine;use-coffee-machine-to-buy-different-sorts-of-coffee" time="0.00006116">
        </testcase>
        <testcase name="And that the machine has lactosfree milk" classname="coffee-machine;use-coffee-machine-to-buy-different-sorts-of-coffee" time="0.000060781">
        </testcase>
        <testcase name="Given has enough coffeebeans to grind" classname="coffee-machine;use-coffee-machine-to-buy-different-sorts-of-coffee" time="0.000049877">
        </testcase>
        <testcase name="When the user chooses from the menu" classname="coffee-machine;use-coffee-machine-to-buy-different-sorts-of-coffee" time="0.000038358">
        </testcase>
        <testcase name="And the user pays the 20 kr" classname="coffee-machine;use-coffee-machine-to-buy-different-sorts-of-coffee" time="0.000062526">
        </testcase>
        <testcase name="Then the machine will prepare coffee w milk" classname="coffee-machine;use-coffee-machine-to-buy-different-sorts-of-coffee" time="0.00013942">
        </testcase>
    </testsuite>
    <testsuite name="coffee-machine;use-coffee-machine-to-buy-different-sorts-of-coffee" tests="7" failures="0" skipped="0">
        <properties>
            <property name="URI" value="/Users/lisa/Desktop/JavaScript-kurs/coffeeMachine/cucumber-exempel-2/coffee-machine/features/coffee-machine.feature">
            </property>
        </properties>
        <testcase name="Given that the machine is plugged in" classname="coffee-machine;use-coffee-machine-to-buy-different-sorts-of-coffee" time="0.000411419">
        </testcase>
        <testcase name="And that water is available" classname="coffee-machine;use-coffee-machine-to-buy-different-sorts-of-coffee" time="0.000067553">
        </testcase>
        <testcase name="And that the machine has lactosfree milk" classname="coffee-machine;use-coffee-machine-to-buy-different-sorts-of-coffee" time="0.000205385">
        </testcase>
        <testcase name="Given has enough espressobeans to grind" classname="coffee-machine;use-coffee-machine-to-buy-different-sorts-of-coffee" time="0.000164984">
        </testcase>
        <testcase name="When the user chooses from the menu" classname="coffee-machine;use-coffee-machine-to-buy-different-sorts-of-coffee" time="0.000044163">
        </testcase>
        <testcase name="And the user pays the 25 kr" classname="coffee-machine;use-coffee-machine-to-buy-different-sorts-of-coffee" time="0.00006299">
        </testcase>
        <testcase name="Then the machine will prepare cappucino" classname="coffee-machine;use-coffee-machine-to-buy-different-sorts-of-coffee" time="0.00014985">
        </testcase>
    </testsuite>
    <testsuite name="coffee-machine;use-coffee-machine-to-buy-different-sorts-of-coffee" tests="7" failures="0" skipped="0">
        <properties>
            <property name="URI" value="/Users/lisa/Desktop/JavaScript-kurs/coffeeMachine/cucumber-exempel-2/coffee-machine/features/coffee-machine.feature">
            </property>
        </properties>
        <testcase name="Given that the machine is plugged in" classname="coffee-machine;use-coffee-machine-to-buy-different-sorts-of-coffee" time="0.000114121">
        </testcase>
        <testcase name="And that water is available" classname="coffee-machine;use-coffee-machine-to-buy-different-sorts-of-coffee" time="0.000061139">
        </testcase>
        <testcase name="And that the machine has lactosfree milk" classname="coffee-machine;use-coffee-machine-to-buy-different-sorts-of-coffee" time="0.000053713">
        </testcase>
        <testcase name="Given has enough espressobeans to grind" classname="coffee-machine;use-coffee-machine-to-buy-different-sorts-of-coffee" time="0.000055015">
        </testcase>
        <testcase name="When the user chooses from the menu" classname="coffee-machine;use-coffee-machine-to-buy-different-sorts-of-coffee" time="0.000054387">
        </testcase>
        <testcase name="And the user pays the 20 kr" classname="coffee-machine;use-coffee-machine-to-buy-different-sorts-of-coffee" time="0.000067973">
        </testcase>
        <testcase name="Then the machine will prepare espresso" classname="coffee-machine;use-coffee-machine-to-buy-different-sorts-of-coffee" time="0.000166975">
        </testcase>
    </testsuite>
    <testsuite name="coffee-machine;use-coffee-machine-to-buy-different-sorts-of-coffee" tests="7" failures="0" skipped="0">
        <properties>
            <property name="URI" value="/Users/lisa/Desktop/JavaScript-kurs/coffeeMachine/cucumber-exempel-2/coffee-machine/features/coffee-machine.feature">
            </property>
        </properties>
        <testcase name="Given that the machine is plugged in" classname="coffee-machine;use-coffee-machine-to-buy-different-sorts-of-coffee" time="0.000083441">
        </testcase>
        <testcase name="And that water is available" classname="coffee-machine;use-coffee-machine-to-buy-different-sorts-of-coffee" time="0.000048073">
        </testcase>
        <testcase name="And that the machine has lactosfree milk" classname="coffee-machine;use-coffee-machine-to-buy-different-sorts-of-coffee" time="0.000043564">
        </testcase>
        <testcase name="Given has enough espressobeans to grind" classname="coffee-machine;use-coffee-machine-to-buy-different-sorts-of-coffee" time="0.00004522">
        </testcase>
        <testcase name="When the user chooses from the menu" classname="coffee-machine;use-coffee-machine-to-buy-different-sorts-of-coffee" time="0.000029294">
        </testcase>
        <testcase name="And the user pays the 25 kr" classname="coffee-machine;use-coffee-machine-to-buy-different-sorts-of-coffee" time="0.000054005">
        </testcase>
        <testcase name="Then the machine will prepare macchiato" classname="coffee-machine;use-coffee-machine-to-buy-different-sorts-of-coffee" time="0.000137459">
        </testcase>
    </testsuite>
    <testsuite name="coffee-machine;use-coffee-machine-to-buy-different-sorts-of-coffee" tests="7" failures="0" skipped="0">
        <properties>
            <property name="URI" value="/Users/lisa/Desktop/JavaScript-kurs/coffeeMachine/cucumber-exempel-2/coffee-machine/features/coffee-machine.feature">
            </property>
        </properties>
        <testcase name="Given that the machine is plugged in" classname="coffee-machine;use-coffee-machine-to-buy-different-sorts-of-coffee" time="0.000080275">
        </testcase>
        <testcase name="And that water is available" classname="coffee-machine;use-coffee-machine-to-buy-different-sorts-of-coffee" time="0.000049861">
        </testcase>
        <testcase name="And that the machine has lactosfree milk" classname="coffee-machine;use-coffee-machine-to-buy-different-sorts-of-coffee" time="0.000045928">
        </testcase>
        <testcase name="Given has enough espressobeans to grind" classname="coffee-machine;use-coffee-machine-to-buy-different-sorts-of-coffee" time="0.000046486">
        </testcase>
        <testcase name="When the user chooses from the menu" classname="coffee-machine;use-coffee-machine-to-buy-different-sorts-of-coffee" time="0.0000321">
        </testcase>
        <testcase name="And the user pays the 30 kr" classname="coffee-machine;use-coffee-machine-to-buy-different-sorts-of-coffee" time="0.00005763">
        </testcase>
        <testcase name="Then the machine will prepare latte" classname="coffee-machine;use-coffee-machine-to-buy-different-sorts-of-coffee" time="0.000189592">
        </testcase>
    </testsuite>
    <testsuite name="coffee-machine;use-coffee-machine-to-buy-different-sorts-of-coffee" tests="7" failures="0" skipped="0">
        <properties>
            <property name="URI" value="/Users/lisa/Desktop/JavaScript-kurs/coffeeMachine/cucumber-exempel-2/coffee-machine/features/coffee-machine.feature">
            </property>
        </properties>
        <testcase name="Given that the machine is plugged in" classname="coffee-machine;use-coffee-machine-to-buy-different-sorts-of-coffee" time="0.000087959">
        </testcase>
        <testcase name="And that water is available" classname="coffee-machine;use-coffee-machine-to-buy-different-sorts-of-coffee" time="0.000044745">
        </testcase>
        <testcase name="And that the machine has lactosfree milk" classname="coffee-machine;use-coffee-machine-to-buy-different-sorts-of-coffee" time="0.000041426">
        </testcase>
        <testcase name="Given has enough espressobeans to grind" classname="coffee-machine;use-coffee-machine-to-buy-different-sorts-of-coffee" time="0.00004221">
        </testcase>
        <testcase name="When the user chooses from the menu" classname="coffee-machine;use-coffee-machine-to-buy-different-sorts-of-coffee" time="0.00022923">
        </testcase>
        <testcase name="And the user pays the 30 kr" classname="coffee-machine;use-coffee-machine-to-buy-different-sorts-of-coffee" time="0.000051522">
        </testcase>
        <testcase name="Then the machine will prepare cortado" classname="coffee-machine;use-coffee-machine-to-buy-different-sorts-of-coffee" time="0.000131046">
        </testcase>
    </testsuite>
    <testsuite name="coffee-machine;buying-a-cappucino" tests="7" failures="0" skipped="0">
        <properties>
            <property name="URI" value="/Users/lisa/Desktop/JavaScript-kurs/coffeeMachine/cucumber-exempel-2/coffee-machine/features/coffee-machine.feature">
            </property>
        </properties>
        <testcase name="Given that the machine is plugged in" classname="coffee-machine;buying-a-cappucino" time="0.000230198">
        </testcase>
        <testcase name="And that water is available" classname="coffee-machine;buying-a-cappucino" time="0.000055468">
        </testcase>
        <testcase name="And that the machine has lactosfree milk" classname="coffee-machine;buying-a-cappucino" time="0.000064439">
        </testcase>
        <testcase name="Given that the milk is cold enough" classname="coffee-machine;buying-a-cappucino" time="0.000224001">
        </testcase>
        <testcase name="When the user chooses a cappucino" classname="coffee-machine;buying-a-cappucino" time="0.00014277">
        </testcase>
        <testcase name="And pays the 25 kr" classname="coffee-machine;buying-a-cappucino" time="0.000143022">
        </testcase>
        <testcase name="Then the machine will prepare, and serve, a delicious cappucino" classname="coffee-machine;buying-a-cappucino" time="0.000144293">
        </testcase>
    </testsuite>
    <testsuite name="coffee-machine;paying-for-coffee-when-user-forgot-his/hers-wallet" tests="7" failures="0" skipped="0">
        <properties>
            <property name="URI" value="/Users/lisa/Desktop/JavaScript-kurs/coffeeMachine/cucumber-exempel-2/coffee-machine/features/coffee-machine.feature">
            </property>
        </properties>
        <testcase name="Given that the machine is plugged in" classname="coffee-machine;paying-for-coffee-when-user-forgot-his/hers-wallet" time="0.000123633">
        </testcase>
        <testcase name="And that water is available" classname="coffee-machine;paying-for-coffee-when-user-forgot-his/hers-wallet" time="0.000042741">
        </testcase>
        <testcase name="And that the machine has lactosfree milk" classname="coffee-machine;paying-for-coffee-when-user-forgot-his/hers-wallet" time="0.000040173">
        </testcase>
        <testcase name="Given that the user wants to buy coffee" classname="coffee-machine;paying-for-coffee-when-user-forgot-his/hers-wallet" time="0.000158867">
        </testcase>
        <testcase name="When the user chooses coffee" classname="coffee-machine;paying-for-coffee-when-user-forgot-his/hers-wallet" time="0.000094319">
        </testcase>
        <testcase name="And the user pays using swish" classname="coffee-machine;paying-for-coffee-when-user-forgot-his/hers-wallet" time="0.000159887">
        </testcase>
        <testcase name="Then the machine prepares coffee" classname="coffee-machine;paying-for-coffee-when-user-forgot-his/hers-wallet" time="0.000126624">
        </testcase>
    </testsuite>
    <testsuite name="coffee-machine;paying-for-coffee-when-user-forgot-his/hers-wallet" tests="7" failures="0" skipped="0">
        <properties>
            <property name="URI" value="/Users/lisa/Desktop/JavaScript-kurs/coffeeMachine/cucumber-exempel-2/coffee-machine/features/coffee-machine.feature">
            </property>
        </properties>
        <testcase name="Given that the machine is plugged in" classname="coffee-machine;paying-for-coffee-when-user-forgot-his/hers-wallet" time="0.000410917">
        </testcase>
        <testcase name="And that water is available" classname="coffee-machine;paying-for-coffee-when-user-forgot-his/hers-wallet" time="0.000044524">
        </testcase>
        <testcase name="And that the machine has lactosfree milk" classname="coffee-machine;paying-for-coffee-when-user-forgot-his/hers-wallet" time="0.000046681">
        </testcase>
        <testcase name="Given that the user wants to buy coffee" classname="coffee-machine;paying-for-coffee-when-user-forgot-his/hers-wallet" time="0.000052501">
        </testcase>
        <testcase name="When the user chooses coffee" classname="coffee-machine;paying-for-coffee-when-user-forgot-his/hers-wallet" time="0.000044567">
        </testcase>
        <testcase name="And the user pays using card" classname="coffee-machine;paying-for-coffee-when-user-forgot-his/hers-wallet" time="0.00014431">
        </testcase>
        <testcase name="Then the machine prepares coffee" classname="coffee-machine;paying-for-coffee-when-user-forgot-his/hers-wallet" time="0.000044388">
        </testcase>
    </testsuite>
    <testsuite name="coffee-machine;the-coffee-machine-is-cleaning-itself-between-uses" tests="8" failures="0" skipped="0">
        <properties>
            <property name="URI" value="/Users/lisa/Desktop/JavaScript-kurs/coffeeMachine/cucumber-exempel-2/coffee-machine/features/coffee-machine.feature">
            </property>
        </properties>
        <testcase name="Given that the machine is plugged in" classname="coffee-machine;the-coffee-machine-is-cleaning-itself-between-uses" time="0.000089648">
        </testcase>
        <testcase name="And that water is available" classname="coffee-machine;the-coffee-machine-is-cleaning-itself-between-uses" time="0.000059358">
        </testcase>
        <testcase name="And that the machine has lactosfree milk" classname="coffee-machine;the-coffee-machine-is-cleaning-itself-between-uses" time="0.000053475">
        </testcase>
        <testcase name="Given that nobody buys coffee" classname="coffee-machine;the-coffee-machine-is-cleaning-itself-between-uses" time="0.000182817">
        </testcase>
        <testcase name="And that it has been 30 min since last cleaning" classname="coffee-machine;the-coffee-machine-is-cleaning-itself-between-uses" time="0.000176135">
        </testcase>
        <testcase name="Then it will use steaming hot water" classname="coffee-machine;the-coffee-machine-is-cleaning-itself-between-uses" time="0.000122698">
        </testcase>
        <testcase name="And the machine will clean itself" classname="coffee-machine;the-coffee-machine-is-cleaning-itself-between-uses" time="0.000233622">
        </testcase>
        <testcase name="And it will take 1 minute" classname="coffee-machine;the-coffee-machine-is-cleaning-itself-between-uses" time="0.000149036">
        </testcase>
    </testsuite>
    <testsuite name="coffee-machine;user-wants-to-buy-coffee-but-there-is-no-water-connected-to-machine" tests="6" failures="0" skipped="2">
        <properties>
            <property name="URI" value="/Users/lisa/Desktop/JavaScript-kurs/coffeeMachine/cucumber-exempel-2/coffee-machine/features/coffee-machine.feature">
            </property>
        </properties>
        <testcase name="Given that the machine is plugged in" classname="coffee-machine;user-wants-to-buy-coffee-but-there-is-no-water-connected-to-machine" time="0.000087928">
        </testcase>
        <testcase name="And that water is available" classname="coffee-machine;user-wants-to-buy-coffee-but-there-is-no-water-connected-to-machine" time="0.000048727">
        </testcase>
        <testcase name="And that the machine has lactosfree milk" classname="coffee-machine;user-wants-to-buy-coffee-but-there-is-no-water-connected-to-machine" time="0.000046923">
        </testcase>
        <testcase name="Given that the user wants to buy coffee" classname="coffee-machine;user-wants-to-buy-coffee-but-there-is-no-water-connected-to-machine" time="0.000045443">
        </testcase>
        <testcase name="When the user sees that the machine isn&apos;t connected to water" classname="coffee-machine;user-wants-to-buy-coffee-but-there-is-no-water-connected-to-machine">
            <skipped message="">
            </skipped>
        </testcase>
        <testcase name="Then the user goes to buy coffee somewhere else" classname="coffee-machine;user-wants-to-buy-coffee-but-there-is-no-water-connected-to-machine">
            <skipped message="">
            </skipped>
        </testcase>
    </testsuite>
    <testsuite name="coffee-machine;user-wants-to-buy-tea-water" tests="7" failures="0" skipped="3">
        <properties>
            <property name="URI" value="/Users/lisa/Desktop/JavaScript-kurs/coffeeMachine/cucumber-exempel-2/coffee-machine/features/coffee-machine.feature">
            </property>
        </properties>
        <testcase name="Given that the machine is plugged in" classname="coffee-machine;user-wants-to-buy-tea-water" time="0.000084494">
        </testcase>
        <testcase name="And that water is available" classname="coffee-machine;user-wants-to-buy-tea-water" time="0.000152692">
        </testcase>
        <testcase name="And that the machine has lactosfree milk" classname="coffee-machine;user-wants-to-buy-tea-water" time="0.000048675">
        </testcase>
        <testcase name="Given that the machine is plugged in" classname="coffee-machine;user-wants-to-buy-tea-water" time="0.000044684">
        </testcase>
        <testcase name="And that the machine is connected to water" classname="coffee-machine;user-wants-to-buy-tea-water">
            <skipped message="">
            </skipped>
        </testcase>
        <testcase name="When the user chooses tea" classname="coffee-machine;user-wants-to-buy-tea-water">
            <skipped message="">
            </skipped>
        </testcase>
        <testcase name="Then the machine serves hot water" classname="coffee-machine;user-wants-to-buy-tea-water">
            <skipped message="">
            </skipped>
        </testcase>
    </testsuite>
    <testsuite name="coffee-machine;user-buys-coffee-and-changes-his/her-mind-in-the-middle-of-brewing" tests="7" failures="0" skipped="4">
        <properties>
            <property name="URI" value="/Users/lisa/Desktop/JavaScript-kurs/coffeeMachine/cucumber-exempel-2/coffee-machine/features/coffee-machine.feature">
            </property>
        </properties>
        <testcase name="Given that the machine is plugged in" classname="coffee-machine;user-buys-coffee-and-changes-his/her-mind-in-the-middle-of-brewing" time="0.000127143">
        </testcase>
        <testcase name="And that water is available" classname="coffee-machine;user-buys-coffee-and-changes-his/her-mind-in-the-middle-of-brewing" time="0.000047565">
        </testcase>
        <testcase name="And that the machine has lactosfree milk" classname="coffee-machine;user-buys-coffee-and-changes-his/her-mind-in-the-middle-of-brewing" time="0.000059663">
        </testcase>
        <testcase name="Given the user paid and chose coffee" classname="coffee-machine;user-buys-coffee-and-changes-his/her-mind-in-the-middle-of-brewing">
            <skipped message="">
            </skipped>
        </testcase>
        <testcase name="When the user presses the cancel-button" classname="coffee-machine;user-buys-coffee-and-changes-his/her-mind-in-the-middle-of-brewing">
            <skipped message="">
            </skipped>
        </testcase>
        <testcase name="Then the machine immediately stops the brewing" classname="coffee-machine;user-buys-coffee-and-changes-his/her-mind-in-the-middle-of-brewing">
            <skipped message="">
            </skipped>
        </testcase>
        <testcase name="And user then have to pay for new coffee" classname="coffee-machine;user-buys-coffee-and-changes-his/her-mind-in-the-middle-of-brewing">
            <skipped message="">
            </skipped>
        </testcase>
    </testsuite>
    <testsuite name="coffee-machine;user-puts-his/her-hand-down-the-coffee-bean-grinder" tests="7" failures="0" skipped="4">
        <properties>
            <property name="URI" value="/Users/lisa/Desktop/JavaScript-kurs/coffeeMachine/cucumber-exempel-2/coffee-machine/features/coffee-machine.feature">
            </property>
        </properties>
        <testcase name="Given that the machine is plugged in" classname="coffee-machine;user-puts-his/her-hand-down-the-coffee-bean-grinder" time="0.000074298">
        </testcase>
        <testcase name="And that water is available" classname="coffee-machine;user-puts-his/her-hand-down-the-coffee-bean-grinder" time="0.00005688">
        </testcase>
        <testcase name="And that the machine has lactosfree milk" classname="coffee-machine;user-puts-his/her-hand-down-the-coffee-bean-grinder" time="0.000046119">
        </testcase>
        <testcase name="Given that user doesn&apos;t have all goats in the pen" classname="coffee-machine;user-puts-his/her-hand-down-the-coffee-bean-grinder">
            <skipped message="">
            </skipped>
        </testcase>
        <testcase name="When user puts hand in coffee grinder" classname="coffee-machine;user-puts-his/her-hand-down-the-coffee-bean-grinder">
            <skipped message="">
            </skipped>
        </testcase>
        <testcase name="Then users hand grinds up" classname="coffee-machine;user-puts-his/her-hand-down-the-coffee-bean-grinder">
            <skipped message="">
            </skipped>
        </testcase>
        <testcase name="And the machine stop because of malfunction" classname="coffee-machine;user-puts-his/her-hand-down-the-coffee-bean-grinder">
            <skipped message="">
            </skipped>
        </testcase>
    </testsuite>
    <testsuite name="coffee-machine;there-is-an-electricity-shortage" tests="8" failures="0" skipped="5">
        <properties>
            <property name="URI" value="/Users/lisa/Desktop/JavaScript-kurs/coffeeMachine/cucumber-exempel-2/coffee-machine/features/coffee-machine.feature">
            </property>
        </properties>
        <testcase name="Given that the machine is plugged in" classname="coffee-machine;there-is-an-electricity-shortage" time="0.00008893">
        </testcase>
        <testcase name="And that water is available" classname="coffee-machine;there-is-an-electricity-shortage" time="0.000060586">
        </testcase>
        <testcase name="And that the machine has lactosfree milk" classname="coffee-machine;there-is-an-electricity-shortage" time="0.000046422">
        </testcase>
        <testcase name="Given that user wants to buy cappucino with card" classname="coffee-machine;there-is-an-electricity-shortage">
            <skipped message="">
            </skipped>
        </testcase>
        <testcase name="When there is a electricity shortage" classname="coffee-machine;there-is-an-electricity-shortage">
            <skipped message="">
            </skipped>
        </testcase>
        <testcase name="And the coffee-machine goes offline for some time" classname="coffee-machine;there-is-an-electricity-shortage">
            <skipped message="">
            </skipped>
        </testcase>
        <testcase name="Then the machine won&apos;t produce cappucino because of risk of bacteria in warm milk" classname="coffee-machine;there-is-an-electricity-shortage">
            <skipped message="">
            </skipped>
        </testcase>
        <testcase name="And the card-reader will send a pre-programmed message to who-evers responsible for the card-reader" classname="coffee-machine;there-is-an-electricity-shortage">
            <skipped message="">
            </skipped>
        </testcase>
    </testsuite>
    <testsuite name="coffee-machine;user-wants-to-buy-regular-coffee-but-there-is-not-enough-beans" tests="8" failures="0" skipped="5">
        <properties>
            <property name="URI" value="/Users/lisa/Desktop/JavaScript-kurs/coffeeMachine/cucumber-exempel-2/coffee-machine/features/coffee-machine.feature">
            </property>
        </properties>
        <testcase name="Given that the machine is plugged in" classname="coffee-machine;user-wants-to-buy-regular-coffee-but-there-is-not-enough-beans" time="0.000075735">
        </testcase>
        <testcase name="And that water is available" classname="coffee-machine;user-wants-to-buy-regular-coffee-but-there-is-not-enough-beans" time="0.000047793">
        </testcase>
        <testcase name="And that the machine has lactosfree milk" classname="coffee-machine;user-wants-to-buy-regular-coffee-but-there-is-not-enough-beans" time="0.000042469">
        </testcase>
        <testcase name="Given that the user wants coffee" classname="coffee-machine;user-wants-to-buy-regular-coffee-but-there-is-not-enough-beans">
            <skipped message="">
            </skipped>
        </testcase>
        <testcase name="And that there is less than 14 grams coffeebeans left in coffeebean-container" classname="coffee-machine;user-wants-to-buy-regular-coffee-but-there-is-not-enough-beans">
            <skipped message="">
            </skipped>
        </testcase>
        <testcase name="When the user sees the coffee-menu on screen" classname="coffee-machine;user-wants-to-buy-regular-coffee-but-there-is-not-enough-beans">
            <skipped message="">
            </skipped>
        </testcase>
        <testcase name="Then the machine shows the alternatives that uses regular coffeebeans as shadowed" classname="coffee-machine;user-wants-to-buy-regular-coffee-but-there-is-not-enough-beans">
            <skipped message="">
            </skipped>
        </testcase>
        <testcase name="And un-choosable" classname="coffee-machine;user-wants-to-buy-regular-coffee-but-there-is-not-enough-beans">
            <skipped message="">
            </skipped>
        </testcase>
    </testsuite>
    <testsuite name="coffee-machine;user-wants-to-buy-a-drink-which-contains-milk,-but-there-is-not-enough-milk-left" tests="8" failures="0" skipped="5">
        <properties>
            <property name="URI" value="/Users/lisa/Desktop/JavaScript-kurs/coffeeMachine/cucumber-exempel-2/coffee-machine/features/coffee-machine.feature">
            </property>
        </properties>
        <testcase name="Given that the machine is plugged in" classname="coffee-machine;user-wants-to-buy-a-drink-which-contains-milk,-but-there-is-not-enough-milk-left" time="0.000086645">
        </testcase>
        <testcase name="And that water is available" classname="coffee-machine;user-wants-to-buy-a-drink-which-contains-milk,-but-there-is-not-enough-milk-left" time="0.000046252">
        </testcase>
        <testcase name="And that the machine has lactosfree milk" classname="coffee-machine;user-wants-to-buy-a-drink-which-contains-milk,-but-there-is-not-enough-milk-left" time="0.000045053">
        </testcase>
        <testcase name="Given that user want drink with milk" classname="coffee-machine;user-wants-to-buy-a-drink-which-contains-milk,-but-there-is-not-enough-milk-left">
            <skipped message="">
            </skipped>
        </testcase>
        <testcase name="And that there is to little milk left" classname="coffee-machine;user-wants-to-buy-a-drink-which-contains-milk,-but-there-is-not-enough-milk-left">
            <skipped message="">
            </skipped>
        </testcase>
        <testcase name="When the user sees the coffee-menu on screen" classname="coffee-machine;user-wants-to-buy-a-drink-which-contains-milk,-but-there-is-not-enough-milk-left">
            <skipped message="">
            </skipped>
        </testcase>
        <testcase name="Then the machine shows the alternatives containing milk as shadowed" classname="coffee-machine;user-wants-to-buy-a-drink-which-contains-milk,-but-there-is-not-enough-milk-left">
            <skipped message="">
            </skipped>
        </testcase>
        <testcase name="And un-choosable" classname="coffee-machine;user-wants-to-buy-a-drink-which-contains-milk,-but-there-is-not-enough-milk-left">
            <skipped message="">
            </skipped>
        </testcase>
    </testsuite>
</testsuites>